Arguments: 
  C:\Program Files\nodejs\node.exe C:\Users\yyy\AppData\Roaming\npm\node_modules\yarn\bin\yarn.js add color-thief

PATH: 
  E:\develop\VMware\bin\;E:\develop\javaJDK\bin;C:\Program Files\Common Files\Oracle\Java\javapath;C:\Windows\system32;C:\Windows;C:\Windows\System32\Wbem;C:\Windows\System32\WindowsPowerShell\v1.0\;C:\Windows\System32\OpenSSH\;C:\Program Files\Microsoft SQL Server\150\Tools\Binn\;C:\Program Files\Microsoft SQL Server\Client SDK\ODBC\170\Tools\Binn\;E:\develop\maven\apache-maven-3.8.4\bin;E:\develop\TortoiseGit\bin;C:\Program Files\dotnet\;E:\微信web开发者工具\dll;E:\dev;lop\微信web开发者工具\dll;C:\Pro;ram Files (x86)\Microsoft SQL Server\150\Tools\Binn\;C:\Program Files\Microsoft SQL Server\150\DTS\Binn\;C:\Program Files (x86)\Microsoft SQL Server\150\DTS\Binn\;C:\Program Files\Azure Data Studio\bin;C:\Program Files\Microsoft\Web Platform Installer\;C:\Users\yyy\Downloads\nginx-1.20.2;E:\develop\Git\cmd;E:\develop\微信web开发者工具\dll;C:\Users\yyy\AppData\Local\Android\Sdk\platform-tools;C:\Users\yyy\AppData\Roaming\nvm;C:\Program Files\nodejs;C:\Program Files\nodejs\;E:\develop\vue-cli\vue2\node_modules\.bin;E:\develop\vue-cli\vue3\node_modules\.bin;C:\Users\yyy\AppData\Local\Microsoft\WindowsApps;C:\Users\yyy\AppData\Local\Programs\Microsoft VS Code\bin;C:\Users\yyy\.dotnet\tools;E:\develop\PyCharm Community Edition 2022.1.2\bin;;C:\Program Files\Azure Data Studio\bin;E:\develop\WebStorm 2021.1.3\bin;;C:\Users\yyy\Downloads\nginx-1.20.2;E:\develop\qqGame\Hall.57821\;C:\Users\yyy\AppData\Roaming\nvm;C:\Program Files\nodejs;C:\Users\yyy\AppData\Roaming\npm;E:\develop\DataGrip 2021.2.4\bin;

Yarn version: 
  1.22.19

Node version: 
  16.20.0

Platform: 
  win32 x64

Trace: 
  Error: ENOENT: no such file or directory, copyfile 'C:\Users\yyy\AppData\Local\Yarn\Cache\v6\npm-globals-13.20.0-ea276a1e508ffd4f1612888f9d1bad1e2717bf82-integrity\node_modules\globals\index.d.ts' -> 'D:\vue开源项目\vue-element-plus-admin-master\node_modules\@eslint\eslintrc\node_modules\globals\index.d.ts'

npm manifest: 
  {
    "name": "vue-element-plus-admin",
    "version": "1.9.9",
    "description": "一套基于vue3、element-plus、typesScript、vite4的后台集成方案。",
    "author": "Archer <502431556@qq.com>",
    "private": false,
    "scripts": {
      "i": "pnpm install",
      "dev": "vite --mode base",
      "ts:check": "vue-tsc --noEmit",
      "build:pro": "vite build --mode pro",
      "build:gitee": "vite build --mode gitee",
      "build:dev": "npm run ts:check && vite build --mode dev",
      "build:test": "npm run ts:check && vite build --mode test",
      "serve:pro": "vite preview --mode pro",
      "serve:dev": "vite preview --mode dev",
      "serve:test": "vite preview --mode test",
      "npm:check": "npx npm-check-updates",
      "clean": "npx rimraf node_modules",
      "clean:cache": "npx rimraf node_modules/.cache",
      "lint:eslint": "eslint --fix --ext .js,.ts,.vue ./src",
      "lint:format": "prettier --write --loglevel warn \"src/**/*.{js,ts,json,tsx,css,less,vue,html,md}\"",
      "lint:style": "stylelint --fix \"**/*.{vue,less,postcss,css,scss}\" --cache --cache-location node_modules/.cache/stylelint/",
      "lint:lint-staged": "lint-staged -c ./.husky/lintstagedrc.js",
      "prepare": "husky install",
      "p": "plop",
      "analysis": "windicss-analysis"
    },
    "dependencies": {
      "@iconify/iconify": "^3.1.0",
      "@vueuse/core": "^9.13.0",
      "@wangeditor/editor": "^5.1.23",
      "@wangeditor/editor-for-vue": "^5.1.10",
      "@zxcvbn-ts/core": "^2.2.1",
      "animate.css": "^4.1.1",
      "axios": "^1.3.5",
      "echarts": "^5.4.2",
      "echarts-wordcloud": "^2.1.0",
      "element-plus": "2.3.3",
      "intro.js": "^7.0.1",
      "lodash-es": "^4.17.21",
      "mitt": "^3.0.0",
      "mockjs": "^1.1.0",
      "nprogress": "^0.2.0",
      "pinia": "^2.0.34",
      "qrcode": "^1.5.1",
      "qs": "^6.11.1",
      "url": "^0.11.0",
      "vue": "3.2.47",
      "vue-i18n": "9.2.2",
      "vue-router": "^4.1.6",
      "vue-types": "^5.0.2",
      "web-storage-cache": "^1.1.1"
    },
    "devDependencies": {
      "@commitlint/cli": "^17.5.1",
      "@commitlint/config-conventional": "^17.4.4",
      "@iconify/json": "^2.2.48",
      "@intlify/unplugin-vue-i18n": "^0.10.0",
      "@purge-icons/generated": "^0.9.0",
      "@types/intro.js": "^5.1.1",
      "@types/lodash-es": "^4.17.7",
      "@types/node": "^18.15.11",
      "@types/nprogress": "^0.2.0",
      "@types/qrcode": "^1.5.0",
      "@types/qs": "^6.9.7",
      "@typescript-eslint/eslint-plugin": "^5.58.0",
      "@typescript-eslint/parser": "^5.58.0",
      "@vitejs/plugin-legacy": "^4.0.2",
      "@vitejs/plugin-vue": "^4.1.0",
      "@vitejs/plugin-vue-jsx": "^3.0.1",
      "autoprefixer": "^10.4.14",
      "consola": "^3.0.1",
      "eslint": "^8.38.0",
      "eslint-config-prettier": "^8.8.0",
      "eslint-define-config": "^1.17.0",
      "eslint-plugin-prettier": "^4.2.1",
      "eslint-plugin-vue": "^9.10.0",
      "husky": "^8.0.3",
      "less": "^4.1.3",
      "lint-staged": "^13.2.1",
      "plop": "^3.1.2",
      "postcss": "^8.4.21",
      "postcss-html": "^1.5.0",
      "postcss-less": "^6.0.0",
      "prettier": "^2.8.7",
      "rimraf": "^5.0.0",
      "rollup": "^3.20.2",
      "stylelint": "^15.4.0",
      "stylelint-config-html": "^1.1.0",
      "stylelint-config-prettier": "^9.0.5",
      "stylelint-config-recommended": "^11.0.0",
      "stylelint-config-standard": "^32.0.0",
      "stylelint-order": "^6.0.3",
      "terser": "^5.16.9",
      "typescript": "5.0.4",
      "unplugin-vue-define-options": "^1.3.3",
      "vite": "4.2.1",
      "vite-plugin-ejs": "^1.6.4",
      "vite-plugin-eslint": "^1.8.1",
      "vite-plugin-mock": "^2.9.6",
      "vite-plugin-progress": "^0.0.7",
      "vite-plugin-purge-icons": "^0.9.2",
      "vite-plugin-style-import": "2.0.0",
      "vite-plugin-svg-icons": "^2.0.1",
      "vite-plugin-windicss": "^1.8.10",
      "vue-tsc": "^1.2.0",
      "windicss": "^3.5.6",
      "windicss-analysis": "^0.3.5"
    },
    "engines": {
      "node": ">= 14.18.0"
    },
    "license": "MIT",
    "repository": {
      "type": "git",
      "url": "git+https://github.com/kailong321200875/vue-element-plus-admin.git"
    },
    "bugs": {
      "url": "https://github.com/kailong321200875/vue-element-plus-admin/issues"
    },
    "homepage": "https://github.com/kailong321200875/vue-element-plus-admin"
  }

yarn manifest: 
  No manifest

Lockfile: 
  No lockfile
